<?xml version="1.0" encoding="UTF-8"?>
<!-- Generated by org.testng.reporters.JUnitXMLReporter -->
<testsuite hostname="DESKTOP-0KBR3DP" ignored="0" name="Tests" tests="7" failures="0" timestamp="2021-09-15T12:19:52 IST" time="413.59" errors="0">
  <testcase name="testCustomerLogIn" time="39.563" classname="tests.wms.TestHomePage"/>
  <testcase name="testForgotPassword" time="13.817" classname="tests.wms.TestHomePage"/>
  <testcase name="testTier1UserProfileSection" time="54.269" classname="tests.wms.TestHomePage"/>
  <testcase name="testVerifyTier1DashboardLinks" time="21.446" classname="tests.wms.TestHomePage"/>
  <testcase name="testCreateEditAndDeleteUserFromSiteManagementSection" time="85.908" classname="tests.wms.TestSiteManagementSection"/>
  <testcase name="testCreateAndDeleteSite" time="114.243" classname="tests.wms.TestSiteSection"/>
  <testcase name="testCreateEditAndDeleteUserFromManageUserSection" time="84.254" classname="tests.wms.TestUsersSection"/>
</testsuite> <!-- Tests -->
