<?xml version="1.0" encoding="UTF-8"?>
<!-- Generated by org.testng.reporters.JUnitXMLReporter -->
<testsuite hostname="DESKTOP-0KBR3DP" ignored="0" name="Tests" tests="4" failures="0" timestamp="2021-09-02T15:40:25 IST" time="86.462" errors="0">
  <testcase name="testCustomerLogIn" time="37.856" classname="tests.wms.TestHomePage"/>
  <testcase name="testForgotPassword" time="11.502" classname="tests.wms.TestHomePage"/>
  <testcase name="testTier1UserProfileSection" time="16.779" classname="tests.wms.TestHomePage"/>
  <testcase name="testVerifyTier1DashboardLinks" time="20.264" classname="tests.wms.TestHomePage"/>
</testsuite> <!-- Tests -->
